#
# There is insufficient memory for the Java Runtime Environment to continue.
# Native memory allocation (malloc) failed to allocate 419600 bytes. Error detail: Chunk::new
# Possible reasons:
#   The system is out of physical RAM or swap space
#   This process is running with CompressedOops enabled, and the Java Heap may be blocking the growth of the native heap
# Possible solutions:
#   Reduce memory load on the system
#   Increase physical memory or swap space
#   Check if swap backing store is full
#   Decrease Java heap size (-Xmx/-Xms)
#   Decrease number of Java threads
#   Decrease Java thread stack sizes (-Xss)
#   Set larger code cache with -XX:ReservedCodeCacheSize=
#   JVM is running with Unscaled Compressed Oops mode in which the Java heap is
#     placed in the first 4GB address space. The Java Heap base address is the
#     maximum limit for the native heap growth. Please use -XX:HeapBaseMinAddress
#     to set the Java Heap base and to place the Java Heap above 4GB virtual address.
# This output file may be truncated or incomplete.
#
#  Out of Memory Error (arena.cpp:168), pid=27560, tid=30980
#
# JRE version: OpenJDK Runtime Environment Temurin-21.0.6+7 (21.0.6+7) (build 21.0.6+7-LTS)
# Java VM: OpenJDK 64-Bit Server VM Temurin-21.0.6+7 (21.0.6+7-LTS, mixed mode, sharing, tiered, compressed oops, compressed class ptrs, parallel gc, windows-amd64)
# No core dump will be written. Minidumps are not enabled by default on client versions of Windows
#

---------------  S U M M A R Y ------------

Command Line: --add-modules=ALL-SYSTEM --add-opens=java.base/java.util=ALL-UNNAMED --add-opens=java.base/java.lang=ALL-UNNAMED --add-opens=java.base/sun.nio.fs=ALL-UNNAMED -Declipse.application=org.eclipse.jdt.ls.core.id1 -Dosgi.bundles.defaultStartLevel=4 -Declipse.product=org.eclipse.jdt.ls.core.product -Djava.import.generatesMetadataFilesAtProjectRoot=false -DDetectVMInstallationsJob.disabled=true -Dfile.encoding=utf8 -XX:+UseParallelGC -XX:GCTimeRatio=4 -XX:AdaptiveSizePolicyWeight=90 -Dsun.zip.disableMemoryMapping=true -Xmx1G -Xms100m -Xlog:disable -javaagent:c:\Users\zakar\.vscode\extensions\redhat.java-1.41.1-win32-x64\lombok\lombok-1.18.36.jar c:\Users\zakar\.vscode\extensions\redhat.java-1.41.1-win32-x64\server\plugins\org.eclipse.equinox.launcher_1.7.0.v20250331-1702.jar -configuration c:\Users\zakar\AppData\Roaming\Code\User\globalStorage\redhat.java\1.41.1\config_ss_win -data c:\Users\zakar\AppData\Roaming\Code\User\workspaceStorage\e730cd5bdc132641c5e54f6471b3cef6\redhat.java\ss_ws --pipe=\\.\pipe\lsp-11c3340be29468f27d122f40796fdc3e-sock

Host: Intel(R) Core(TM) Ultra 5 125U, 14 cores, 15G,  Windows 11 , 64 bit Build 26100 (10.0.26100.3323)
Time: Fri Apr 11 12:09:09 2025 Morocco Daylight Time elapsed time: 5.134498 seconds (0d 0h 0m 5s)

---------------  T H R E A D  ---------------

Current thread (0x00000288740a99e0):  JavaThread "C2 CompilerThread1" daemon [_thread_in_native, id=30980, stack(0x000000dad5e00000,0x000000dad5f00000) (1024K)]


Current CompileTask:
C2:5134  971   !   4       java.util.jar.Attributes::read (494 bytes)

Stack: [0x000000dad5e00000,0x000000dad5f00000]
Native frames: (J=compiled Java code, j=interpreted, Vv=VM code, C=native code)
V  [jvm.dll+0x6cdee9]
V  [jvm.dll+0x8a83d1]
V  [jvm.dll+0x8aa8fe]
V  [jvm.dll+0x8aafe3]
V  [jvm.dll+0x27f706]
V  [jvm.dll+0xc500d]
V  [jvm.dll+0xc5543]
V  [jvm.dll+0x3b678c]
V  [jvm.dll+0x1dfe13]
V  [jvm.dll+0x247b42]
V  [jvm.dll+0x246fcf]
V  [jvm.dll+0x1c75ee]
V  [jvm.dll+0x25685a]
V  [jvm.dll+0x254dfa]
V  [jvm.dll+0x3f0256]
V  [jvm.dll+0x851f8b]
V  [jvm.dll+0x6cc5ed]
C  [ucrtbase.dll+0x37b0]
C  [KERNEL32.DLL+0x2e8d7]
C  [ntdll.dll+0xbbf6c]


---------------  P R O C E S S  ---------------

Threads class SMR info:
_java_thread_list=0x000002887581a4f0, length=12, elements={
0x000002881d4b3e10, 0x000002881d5533a0, 0x000002883189d4e0, 0x000002883189e4c0,
0x000002881d555160, 0x000002881d559580, 0x000002881d55c280, 0x000002881d55a430,
0x000002881d5680b0, 0x000002881d51eeb0, 0x00000288740a99e0, 0x00000288741a8860
}

Java Threads: ( => current thread )
  0x000002881d4b3e10 JavaThread "main"                              [_thread_in_vm, id=12332, stack(0x000000dad5100000,0x000000dad5200000) (1024K)]
  0x000002881d5533a0 JavaThread "Reference Handler"          daemon [_thread_blocked, id=28848, stack(0x000000dad5500000,0x000000dad5600000) (1024K)]
  0x000002883189d4e0 JavaThread "Finalizer"                  daemon [_thread_blocked, id=1296, stack(0x000000dad5600000,0x000000dad5700000) (1024K)]
  0x000002883189e4c0 JavaThread "Signal Dispatcher"          daemon [_thread_blocked, id=17904, stack(0x000000dad5700000,0x000000dad5800000) (1024K)]
  0x000002881d555160 JavaThread "Attach Listener"            daemon [_thread_blocked, id=27968, stack(0x000000dad5800000,0x000000dad5900000) (1024K)]
  0x000002881d559580 JavaThread "Service Thread"             daemon [_thread_blocked, id=28492, stack(0x000000dad5900000,0x000000dad5a00000) (1024K)]
  0x000002881d55c280 JavaThread "Monitor Deflation Thread"   daemon [_thread_blocked, id=1116, stack(0x000000dad5a00000,0x000000dad5b00000) (1024K)]
  0x000002881d55a430 JavaThread "C2 CompilerThread0"         daemon [_thread_blocked, id=28216, stack(0x000000dad5b00000,0x000000dad5c00000) (1024K)]
  0x000002881d5680b0 JavaThread "C1 CompilerThread0"         daemon [_thread_in_native, id=31912, stack(0x000000dad5c00000,0x000000dad5d00000) (1024K)]
  0x000002881d51eeb0 JavaThread "Common-Cleaner"             daemon [_thread_blocked, id=18912, stack(0x000000dad5d00000,0x000000dad5e00000) (1024K)]
=>0x00000288740a99e0 JavaThread "C2 CompilerThread1"         daemon [_thread_in_native, id=30980, stack(0x000000dad5e00000,0x000000dad5f00000) (1024K)]
  0x00000288741a8860 JavaThread "Notification Thread"        daemon [_thread_blocked, id=31816, stack(0x000000dad5f00000,0x000000dad6000000) (1024K)]
Total: 12

Other Threads:
  0x000002881d54e870 VMThread "VM Thread"                           [id=2248, stack(0x000000dad5400000,0x000000dad5500000) (1024K)]
  0x000002883177ca00 WatcherThread "VM Periodic Task Thread"        [id=19188, stack(0x000000dad5300000,0x000000dad5400000) (1024K)]
  0x000002881d4d1180 WorkerThread "GC Thread#0"                     [id=29704, stack(0x000000dad5200000,0x000000dad5300000) (1024K)]
Total: 3

Threads with active compile tasks:
C1 CompilerThread0  5190 1040   !   3       java.util.zip.Inflater::inflate (456 bytes)
C2 CompilerThread1  5191  971   !   4       java.util.jar.Attributes::read (494 bytes)
Total: 2

VM state: not at safepoint (normal execution)

VM Mutex/Monitor currently owned by a thread:  ([mutex/lock_event])
[0x00007fffb599cf00] MethodCompileQueue_lock - owner thread: 0x000002881d5680b0
[0x00007fffb599e280] CodeCache_lock - owner thread: 0x000002881d5680b0
[0x00007fffb599e400] Compile_lock - owner thread: 0x000002881d5680b0

Heap address: 0x00000000c0000000, size: 1024 MB, Compressed Oops mode: 32-bit

CDS archive(s) mapped at: [0x0000028832000000-0x0000028832ba0000-0x0000028832ba0000), size 12189696, SharedBaseAddress: 0x0000028832000000, ArchiveRelocationMode: 1.
Compressed class space mapped at: 0x0000028833000000-0x0000028873000000, reserved size: 1073741824
Narrow klass base: 0x0000028832000000, Narrow klass shift: 0, Narrow klass range: 0x100000000

GC Precious Log:
 CardTable entry size: 512
 CPUs: 14 total, 14 available
 Memory: 15836M
 Large Page Support: Disabled
 NUMA Support: Disabled
 Compressed Oops: Enabled (32-bit)
 Alignments: Space 512K, Generation 512K, Heap 2M
 Heap Min Capacity: 100M
 Heap Initial Capacity: 100M
 Heap Max Capacity: 1G
 Pre-touch: Disabled
 Parallel Workers: 11

Heap:
 PSYoungGen      total 29696K, used 25475K [0x00000000eab00000, 0x00000000ecc00000, 0x0000000100000000)
  eden space 25600K, 99% used [0x00000000eab00000,0x00000000ec3e0cb0,0x00000000ec400000)
  from space 4096K, 0% used [0x00000000ec800000,0x00000000ec800000,0x00000000ecc00000)
  to   space 4096K, 0% used [0x00000000ec400000,0x00000000ec400000,0x00000000ec800000)
 ParOldGen       total 68608K, used 0K [0x00000000c0000000, 0x00000000c4300000, 0x00000000eab00000)
  object space 68608K, 0% used [0x00000000c0000000,0x00000000c0000000,0x00000000c4300000)
 Metaspace       used 4166K, committed 4416K, reserved 1114112K
  class space    used 418K, committed 512K, reserved 1048576K

Card table byte_map: [0x000002881ce50000,0x000002881d060000] _byte_map_base: 0x000002881c850000

Marking Bits: (ParMarkBitMap*) 0x00007fffb59a3260
 Begin Bits: [0x000002882f6a0000, 0x00000288306a0000)
 End Bits:   [0x00000288306a0000, 0x00000288316a0000)

Polling page: 0x000002881b060000

Metaspace:

Usage:
  Non-class:      3.66 MB used.
      Class:    418.88 KB used.
       Both:      4.07 MB used.

Virtual space:
  Non-class space:       64.00 MB reserved,       3.81 MB (  6%) committed,  1 nodes.
      Class space:        1.00 GB reserved,     512.00 KB ( <1%) committed,  1 nodes.
             Both:        1.06 GB reserved,       4.31 MB ( <1%) committed. 

Chunk freelists:
   Non-Class:  11.11 MB
       Class:  15.47 MB
        Both:  26.58 MB

MaxMetaspaceSize: unlimited
CompressedClassSpaceSize: 1.00 GB
Initial GC threshold: 21.00 MB
Current GC threshold: 21.00 MB
CDS: on
 - commit_granule_bytes: 65536.
 - commit_granule_words: 8192.
 - virtual_space_node_default_size: 8388608.
 - enlarge_chunks_in_place: 1.
 - use_allocation_guard: 0.


Internal statistics:

num_allocs_failed_limit: 0.
num_arena_births: 146.
num_arena_deaths: 0.
num_vsnodes_births: 2.
num_vsnodes_deaths: 0.
num_space_committed: 69.
num_space_uncommitted: 0.
num_chunks_returned_to_freelist: 0.
num_chunks_taken_from_freelist: 211.
num_chunk_merges: 0.
num_chunk_splits: 134.
num_chunks_enlarged: 76.
num_inconsistent_stats: 0.

CodeHeap 'non-profiled nmethods': size=120000Kb used=406Kb max_used=406Kb free=119593Kb
 bounds [0x0000028828170000, 0x00000288283e0000, 0x000002882f6a0000]
CodeHeap 'profiled nmethods': size=120000Kb used=1655Kb max_used=1655Kb free=118344Kb
 bounds [0x00000288206a0000, 0x0000028820910000, 0x0000028827bd0000]
CodeHeap 'non-nmethods': size=5760Kb used=1191Kb max_used=1219Kb free=4568Kb
 bounds [0x0000028827bd0000, 0x0000028827e40000, 0x0000028828170000]
 total_blobs=1492 nmethods=1039 adapters=360
 compilation: enabled
              stopped_count=0, restarted_count=0
 full_count=0

Compilation events (20 events):
Event: 3.097 Thread 0x000002881d5680b0 1007       1       java.util.concurrent.locks.AbstractOwnableSynchronizer::setExclusiveOwnerThread (6 bytes)
Event: 3.097 Thread 0x000002881d5680b0 nmethod 1007 0x00000288281d2110 code [0x00000288281d22a0, 0x00000288281d2380]
Event: 3.098 Thread 0x000002881d5680b0 1008       3       java.util.AbstractCollection::addAll (42 bytes)
Event: 3.098 Thread 0x000002881d55a430 1009   !   4       java.nio.DirectIntBufferU::get (34 bytes)
Event: 3.098 Thread 0x000002881d5680b0 nmethod 1008 0x000002882082cd10 code [0x000002882082cf00, 0x000002882082d420]
Event: 3.099 Thread 0x000002881d5680b0 1010       3       java.lang.StringLatin1::inflate (34 bytes)
Event: 3.099 Thread 0x000002881d5680b0 nmethod 1010 0x000002882082d590 code [0x000002882082d740, 0x000002882082d940]
Event: 3.100 Thread 0x000002881d55a430 nmethod 1009 0x00000288281d2410 code [0x00000288281d25a0, 0x00000288281d26a0]
Event: 3.104 Thread 0x000002881d5680b0 1011       1       java.security.CodeSource::getLocationNoFragString (5 bytes)
Event: 3.104 Thread 0x000002881d5680b0 nmethod 1011 0x00000288281d2810 code [0x00000288281d29a0, 0x00000288281d2a68]
Event: 3.111 Thread 0x000002881d5680b0 1012       3       java.lang.Object::toString (36 bytes)
Event: 3.112 Thread 0x000002881d5680b0 nmethod 1012 0x000002882082da90 code [0x000002882082dd00, 0x000002882082e4e8]
Event: 3.115 Thread 0x000002881d5680b0 1013       1       java.lang.Boolean::booleanValue (5 bytes)
Event: 3.115 Thread 0x000002881d5680b0 nmethod 1013 0x00000288281d2b10 code [0x00000288281d2ca0, 0x00000288281d2d70]
Event: 3.118 Thread 0x00000288750e66c0 nmethod 1006 0x00000288281d2e10 code [0x00000288281d3080, 0x00000288281d3c50]
Event: 3.127 Thread 0x000002881d5680b0 1014       1       java.util.Collections$EmptyIterator::hasNext (2 bytes)
Event: 3.127 Thread 0x000002881d5680b0 nmethod 1014 0x00000288281d4490 code [0x00000288281d4620, 0x00000288281d46e8]
Event: 3.128 Thread 0x000002881d5680b0 1015       3       java.util.ArrayDeque::elementAt (4 bytes)
Event: 3.128 Thread 0x000002881d5680b0 nmethod 1015 0x000002882082e810 code [0x000002882082e9a0, 0x000002882082eab8]
Event: 3.129 Thread 0x000002881d55a430 1016       4       java.lang.AbstractStringBuilder::append (77 bytes)

GC Heap History (0 events):
No events

Dll operation events (8 events):
Event: 0.022 Loaded shared library c:\Users\zakar\.vscode\extensions\redhat.java-1.41.1-win32-x64\jre\21.0.6-win32-x86_64\bin\java.dll
Event: 0.134 Loaded shared library c:\Users\zakar\.vscode\extensions\redhat.java-1.41.1-win32-x64\jre\21.0.6-win32-x86_64\bin\zip.dll
Event: 0.167 Loaded shared library C:\Users\zakar\.vscode\extensions\redhat.java-1.41.1-win32-x64\jre\21.0.6-win32-x86_64\bin\instrument.dll
Event: 0.176 Loaded shared library C:\Users\zakar\.vscode\extensions\redhat.java-1.41.1-win32-x64\jre\21.0.6-win32-x86_64\bin\net.dll
Event: 0.181 Loaded shared library C:\Users\zakar\.vscode\extensions\redhat.java-1.41.1-win32-x64\jre\21.0.6-win32-x86_64\bin\nio.dll
Event: 0.187 Loaded shared library C:\Users\zakar\.vscode\extensions\redhat.java-1.41.1-win32-x64\jre\21.0.6-win32-x86_64\bin\zip.dll
Event: 0.223 Loaded shared library C:\Users\zakar\.vscode\extensions\redhat.java-1.41.1-win32-x64\jre\21.0.6-win32-x86_64\bin\jimage.dll
Event: 0.349 Loaded shared library c:\Users\zakar\.vscode\extensions\redhat.java-1.41.1-win32-x64\jre\21.0.6-win32-x86_64\bin\verify.dll

Deoptimization events (20 events):
Event: 3.069 Thread 0x000002881d4b3e10 Uncommon trap: trap_request=0xffffff45 fr.pc=0x00000288281c4c3c relative=0x000000000000009c
Event: 3.069 Thread 0x000002881d4b3e10 Uncommon trap: reason=unstable_if action=reinterpret pc=0x00000288281c4c3c method=java.lang.invoke.VarForm.getMemberName(I)Ljava/lang/invoke/MemberName; @ 8 c2
Event: 3.069 Thread 0x000002881d4b3e10 DEOPT PACKING pc=0x00000288281c4c3c sp=0x000000dad51fd7b0
Event: 3.069 Thread 0x000002881d4b3e10 DEOPT UNPACKING pc=0x0000028827c23aa2 sp=0x000000dad51fd748 mode 2
Event: 3.096 Thread 0x000002881d4b3e10 Uncommon trap: trap_request=0xffffffde fr.pc=0x00000288281c89bc relative=0x0000000000000b3c
Event: 3.096 Thread 0x000002881d4b3e10 Uncommon trap: reason=class_check action=maybe_recompile pc=0x00000288281c89bc method=java.util.HashMap.putVal(ILjava/lang/Object;Ljava/lang/Object;ZZ)Ljava/lang/Object; @ 203 c2
Event: 3.096 Thread 0x000002881d4b3e10 DEOPT PACKING pc=0x00000288281c89bc sp=0x000000dad51fdfe0
Event: 3.096 Thread 0x000002881d4b3e10 DEOPT UNPACKING pc=0x0000028827c23aa2 sp=0x000000dad51fdf08 mode 2
Event: 3.097 Thread 0x000002881d4b3e10 Uncommon trap: trap_request=0xffffffde fr.pc=0x00000288281c89bc relative=0x0000000000000b3c
Event: 3.097 Thread 0x000002881d4b3e10 Uncommon trap: reason=class_check action=maybe_recompile pc=0x00000288281c89bc method=java.util.HashMap.putVal(ILjava/lang/Object;Ljava/lang/Object;ZZ)Ljava/lang/Object; @ 203 c2
Event: 3.097 Thread 0x000002881d4b3e10 DEOPT PACKING pc=0x00000288281c89bc sp=0x000000dad51fdfe0
Event: 3.097 Thread 0x000002881d4b3e10 DEOPT UNPACKING pc=0x0000028827c23aa2 sp=0x000000dad51fdf08 mode 2
Event: 3.097 Thread 0x000002881d4b3e10 Uncommon trap: trap_request=0xffffffde fr.pc=0x00000288281c89bc relative=0x0000000000000b3c
Event: 3.097 Thread 0x000002881d4b3e10 Uncommon trap: reason=class_check action=maybe_recompile pc=0x00000288281c89bc method=java.util.HashMap.putVal(ILjava/lang/Object;Ljava/lang/Object;ZZ)Ljava/lang/Object; @ 203 c2
Event: 3.097 Thread 0x000002881d4b3e10 DEOPT PACKING pc=0x00000288281c89bc sp=0x000000dad51fdfe0
Event: 3.097 Thread 0x000002881d4b3e10 DEOPT UNPACKING pc=0x0000028827c23aa2 sp=0x000000dad51fdf08 mode 2
Event: 3.097 Thread 0x000002881d4b3e10 Uncommon trap: trap_request=0xffffffde fr.pc=0x00000288281c89bc relative=0x0000000000000b3c
Event: 3.097 Thread 0x000002881d4b3e10 Uncommon trap: reason=class_check action=maybe_recompile pc=0x00000288281c89bc method=java.util.HashMap.putVal(ILjava/lang/Object;Ljava/lang/Object;ZZ)Ljava/lang/Object; @ 203 c2
Event: 3.097 Thread 0x000002881d4b3e10 DEOPT PACKING pc=0x00000288281c89bc sp=0x000000dad51fdfe0
Event: 3.097 Thread 0x000002881d4b3e10 DEOPT UNPACKING pc=0x0000028827c23aa2 sp=0x000000dad51fdf08 mode 2

Classes loaded (20 events):
Event: 3.071 Loading class jdk/internal/logger/SimpleConsoleLogger done
Event: 3.071 Loading class jdk/internal/logger/SurrogateLogger done
Event: 3.071 Loading class sun/util/logging/PlatformLogger
Event: 3.072 Loading class sun/util/logging/PlatformLogger done
Event: 3.072 Loading class sun/util/logging/PlatformLogger$Level
Event: 3.072 Loading class sun/util/logging/PlatformLogger$Level done
Event: 3.087 Loading class java/io/BufferedReader
Event: 3.087 Loading class java/io/BufferedReader done
Event: 3.088 Loading class sun/nio/cs/StreamDecoder
Event: 3.088 Loading class sun/nio/cs/StreamDecoder done
Event: 3.089 Loading class sun/nio/cs/UTF_8$Decoder
Event: 3.089 Loading class sun/nio/cs/UTF_8$Decoder done
Event: 3.117 Loading class java/util/UUID
Event: 3.118 Loading class java/util/UUID done
Event: 3.118 Loading class java/util/concurrent/atomic/AtomicBoolean
Event: 3.118 Loading class java/util/concurrent/atomic/AtomicBoolean done
Event: 3.119 Loading class java/lang/invoke/VarHandleInts$FieldInstanceReadWrite
Event: 3.119 Loading class java/lang/invoke/VarHandleInts$FieldInstanceReadOnly
Event: 3.119 Loading class java/lang/invoke/VarHandleInts$FieldInstanceReadOnly done
Event: 3.119 Loading class java/lang/invoke/VarHandleInts$FieldInstanceReadWrite done

Classes unloaded (0 events):
No events

Classes redefined (0 events):
No events

Internal exceptions (20 events):
Event: 0.283 Thread 0x000002881d4b3e10 Exception <a 'java/lang/NoSuchMethodError'{0x00000000eaf5e278}: 'java.lang.Object java.lang.invoke.DirectMethodHandle$Holder.invokeStatic(java.lang.Object, java.lang.Object, java.lang.Object, java.lang.Object, int)'> (0x00000000eaf5e278) 
thrown [s\src\hotspot\share\interpreter\linkResolver.cpp, line 773]
Event: 0.285 Thread 0x000002881d4b3e10 Exception <a 'java/lang/NoSuchMethodError'{0x00000000eaf696b8}: 'void java.lang.invoke.DelegatingMethodHandle$Holder.reinvoke_L(java.lang.Object, java.lang.Object, java.lang.Object, int, java.lang.Object)'> (0x00000000eaf696b8) 
thrown [s\src\hotspot\share\interpreter\linkResolver.cpp, line 773]
Event: 0.288 Thread 0x000002881d4b3e10 Exception <a 'java/lang/NoSuchMethodError'{0x00000000eaf7a008}: 'int java.lang.invoke.DirectMethodHandle$Holder.invokeSpecial(java.lang.Object, java.lang.Object, java.lang.Object)'> (0x00000000eaf7a008) 
thrown [s\src\hotspot\share\interpreter\linkResolver.cpp, line 773]
Event: 0.292 Thread 0x000002881d4b3e10 Exception <a 'java/lang/NoSuchMethodError'{0x00000000eaf85cc8}: 'java.lang.Object java.lang.invoke.DirectMethodHandle$Holder.invokeStatic(java.lang.Object, java.lang.Object, int)'> (0x00000000eaf85cc8) 
thrown [s\src\hotspot\share\interpreter\linkResolver.cpp, line 773]
Event: 0.294 Thread 0x000002881d4b3e10 Exception <a 'java/lang/NoSuchMethodError'{0x00000000eaf8a618}: 'void java.lang.invoke.DirectMethodHandle$Holder.invokeStatic(java.lang.Object, java.lang.Object, int, java.lang.Object)'> (0x00000000eaf8a618) 
thrown [s\src\hotspot\share\interpreter\linkResolver.cpp, line 773]
Event: 0.295 Thread 0x000002881d4b3e10 Exception <a 'java/lang/NoSuchMethodError'{0x00000000eaf8e1a8}: 'void java.lang.invoke.DirectMethodHandle$Holder.invokeSpecial(java.lang.Object, java.lang.Object, java.lang.Object, int, java.lang.Object)'> (0x00000000eaf8e1a8) 
thrown [s\src\hotspot\share\interpreter\linkResolver.cpp, line 773]
Event: 0.295 Thread 0x000002881d4b3e10 Exception <a 'java/lang/NoSuchMethodError'{0x00000000eaf91618}: 'void java.lang.invoke.DelegatingMethodHandle$Holder.delegate(java.lang.Object, java.lang.Object, int, java.lang.Object)'> (0x00000000eaf91618) 
thrown [s\src\hotspot\share\interpreter\linkResolver.cpp, line 773]
Event: 0.391 Thread 0x000002881d4b3e10 Exception <a 'java/lang/NoSuchMethodError'{0x00000000eb14e678}: 'void java.lang.invoke.DelegatingMethodHandle$Holder.reinvoke_L(java.lang.Object, java.lang.Object, java.lang.Object, int)'> (0x00000000eb14e678) 
thrown [s\src\hotspot\share\interpreter\linkResolver.cpp, line 773]
Event: 0.602 Thread 0x000002881d4b3e10 Exception <a 'java/lang/NoSuchMethodError'{0x00000000eb5d4960}: 'void java.lang.invoke.DirectMethodHandle$Holder.invokeVirtual(java.lang.Object, java.lang.Object)'> (0x00000000eb5d4960) 
thrown [s\src\hotspot\share\interpreter\linkResolver.cpp, line 773]
Event: 2.789 Thread 0x000002881d4b3e10 Exception <a 'java/lang/ClassNotFoundException'{0x00000000eb9cf988}: sun/net/www/protocol/c/Handler> (0x00000000eb9cf988) 
thrown [s\src\hotspot\share\classfile\systemDictionary.cpp, line 312]
Event: 2.798 Thread 0x000002881d4b3e10 Exception <a 'java/io/FileNotFoundException'{0x00000000eb9e4c68}> (0x00000000eb9e4c68) 
thrown [s\src\hotspot\share\prims\jni.cpp, line 520]
Event: 2.801 Thread 0x000002881d4b3e10 Exception <a 'java/io/FileNotFoundException'{0x00000000eb9e9b58}> (0x00000000eb9e9b58) 
thrown [s\src\hotspot\share\prims\jni.cpp, line 520]
Event: 2.801 Thread 0x000002881d4b3e10 Exception <a 'java/io/FileNotFoundException'{0x00000000eb9ea7d0}> (0x00000000eb9ea7d0) 
thrown [s\src\hotspot\share\prims\jni.cpp, line 520]
Event: 2.801 Thread 0x000002881d4b3e10 Exception <a 'java/io/FileNotFoundException'{0x00000000eb9eb310}> (0x00000000eb9eb310) 
thrown [s\src\hotspot\share\prims\jni.cpp, line 520]
Event: 2.809 Thread 0x000002881d4b3e10 Implicit null exception at 0x000002882819c4a4 to 0x000002882819ca48
Event: 2.813 Thread 0x000002881d4b3e10 Exception <a 'java/io/FileNotFoundException'{0x00000000eba254a0}> (0x00000000eba254a0) 
thrown [s\src\hotspot\share\prims\jni.cpp, line 520]
Event: 3.016 Thread 0x000002881d4b3e10 Exception <a 'java/lang/NoSuchMethodError'{0x00000000ebeb8a38}: 'java.lang.ClassLoader java.lang.ClassLoader.getPlatformClassLoader(java.lang.Class)'> (0x00000000ebeb8a38) 
thrown [s\src\hotspot\share\interpreter\linkResolver.cpp, line 773]
Event: 3.127 Thread 0x000002881d4b3e10 Exception <a 'java/lang/ClassNotFoundException'{0x00000000ec2bc0d0}: sun/net/www/protocol/c/Handler> (0x00000000ec2bc0d0) 
thrown [s\src\hotspot\share\classfile\systemDictionary.cpp, line 312]
Event: 3.127 Thread 0x000002881d4b3e10 Exception <a 'java/lang/ClassNotFoundException'{0x00000000ec2bd4a0}: sun/net/www/protocol/c/Handler> (0x00000000ec2bd4a0) 
thrown [s\src\hotspot\share\classfile\systemDictionary.cpp, line 312]
Event: 3.128 Thread 0x000002881d4b3e10 Exception <a 'java/lang/ClassNotFoundException'{0x00000000ec2be6d8}: sun/net/www/protocol/c/Handler> (0x00000000ec2be6d8) 
thrown [s\src\hotspot\share\classfile\systemDictionary.cpp, line 312]

ZGC Phase Switch (0 events):
No events

VM Operations (14 events):
Event: 0.241 Executing VM operation: HandshakeAllThreads (Deoptimize)
Event: 0.241 Executing VM operation: HandshakeAllThreads (Deoptimize) done
Event: 1.241 Executing VM operation: Cleanup
Event: 1.627 Executing VM operation: Cleanup done
Event: 2.628 Executing VM operation: Cleanup
Event: 2.648 Executing VM operation: Cleanup done
Event: 2.751 Executing VM operation: HandshakeAllThreads (Deoptimize)
Event: 2.751 Executing VM operation: HandshakeAllThreads (Deoptimize) done
Event: 2.779 Executing VM operation: HandshakeAllThreads (Deoptimize)
Event: 2.780 Executing VM operation: HandshakeAllThreads (Deoptimize) done
Event: 3.089 Executing VM operation: HandshakeAllThreads (Deoptimize)
Event: 3.089 Executing VM operation: HandshakeAllThreads (Deoptimize) done
Event: 4.088 Executing VM operation: Cleanup
Event: 4.089 Executing VM operation: Cleanup done

Memory protections (0 events):
No events

Nmethod flushes (0 events):
No events

Events (13 events):
Event: 0.050 Thread 0x000002881d4b3e10 Thread added: 0x000002881d4b3e10
Event: 0.081 Thread 0x000002881d4b3e10 Thread added: 0x000002881d5533a0
Event: 0.081 Thread 0x000002881d4b3e10 Thread added: 0x000002883189d4e0
Event: 0.082 Thread 0x000002881d4b3e10 Thread added: 0x000002883189e4c0
Event: 0.082 Thread 0x000002881d4b3e10 Thread added: 0x000002881d555160
Event: 0.082 Thread 0x000002881d4b3e10 Thread added: 0x000002881d559580
Event: 0.082 Thread 0x000002881d4b3e10 Thread added: 0x000002881d55c280
Event: 0.082 Thread 0x000002881d4b3e10 Thread added: 0x000002881d55a430
Event: 0.083 Thread 0x000002881d4b3e10 Thread added: 0x000002881d5680b0
Event: 0.116 Thread 0x000002881d4b3e10 Thread added: 0x000002881d51eeb0
Event: 0.341 Thread 0x000002881d55a430 Thread added: 0x00000288740a99e0
Event: 0.517 Thread 0x000002881d4b3e10 Thread added: 0x00000288741a8860
Event: 2.648 Thread 0x000002881d5680b0 Thread added: 0x00000288750e66c0


Dynamic libraries:
0x00007ff69f1e0000 - 0x00007ff69f1ee000 	c:\Users\zakar\.vscode\extensions\redhat.java-1.41.1-win32-x64\jre\21.0.6-win32-x86_64\bin\java.exe
0x00007ff831640000 - 0x00007ff8318a3000 	C:\WINDOWS\SYSTEM32\ntdll.dll
0x00007ff8307d0000 - 0x00007ff830897000 	C:\WINDOWS\System32\KERNEL32.DLL
0x00007ff82efd0000 - 0x00007ff82f399000 	C:\WINDOWS\System32\KERNELBASE.dll
0x00007ff82ee80000 - 0x00007ff82efcc000 	C:\WINDOWS\System32\ucrtbase.dll
0x00007ff808a90000 - 0x00007ff808aa8000 	c:\Users\zakar\.vscode\extensions\redhat.java-1.41.1-win32-x64\jre\21.0.6-win32-x86_64\bin\jli.dll
0x00007ff80d3c0000 - 0x00007ff80d3de000 	c:\Users\zakar\.vscode\extensions\redhat.java-1.41.1-win32-x64\jre\21.0.6-win32-x86_64\bin\VCRUNTIME140.dll
0x00007ff830980000 - 0x00007ff830b4a000 	C:\WINDOWS\System32\USER32.dll
0x00007ff82f430000 - 0x00007ff82f457000 	C:\WINDOWS\System32\win32u.dll
0x00007ff82fa20000 - 0x00007ff82fa4a000 	C:\WINDOWS\System32\GDI32.dll
0x00007ff82e9b0000 - 0x00007ff82eae1000 	C:\WINDOWS\System32\gdi32full.dll
0x00007ff82edd0000 - 0x00007ff82ee73000 	C:\WINDOWS\System32\msvcp_win.dll
0x00007ff8020f0000 - 0x00007ff802380000 	C:\WINDOWS\WinSxS\amd64_microsoft.windows.common-controls_6595b64144ccf1df_6.0.26100.3323_none_3e088096e3344490\COMCTL32.dll
0x00007ff830d40000 - 0x00007ff830de9000 	C:\WINDOWS\System32\msvcrt.dll
0x00007ff830fc0000 - 0x00007ff830fef000 	C:\WINDOWS\System32\IMM32.DLL
0x00007ff829080000 - 0x00007ff82908c000 	c:\Users\zakar\.vscode\extensions\redhat.java-1.41.1-win32-x64\jre\21.0.6-win32-x86_64\bin\vcruntime140_1.dll
0x00007fffd2750000 - 0x00007fffd27dd000 	c:\Users\zakar\.vscode\extensions\redhat.java-1.41.1-win32-x64\jre\21.0.6-win32-x86_64\bin\msvcp140.dll
0x00007fffb4cf0000 - 0x00007fffb5a80000 	c:\Users\zakar\.vscode\extensions\redhat.java-1.41.1-win32-x64\jre\21.0.6-win32-x86_64\bin\server\jvm.dll
0x00007ff831080000 - 0x00007ff831132000 	C:\WINDOWS\System32\ADVAPI32.dll
0x00007ff831470000 - 0x00007ff831516000 	C:\WINDOWS\System32\sechost.dll
0x00007ff82f800000 - 0x00007ff82f916000 	C:\WINDOWS\System32\RPCRT4.dll
0x00007ff8308a0000 - 0x00007ff830914000 	C:\WINDOWS\System32\WS2_32.dll
0x00007ff81f460000 - 0x00007ff81f46b000 	C:\WINDOWS\SYSTEM32\VERSION.dll
0x00007ff828e20000 - 0x00007ff828e56000 	C:\WINDOWS\SYSTEM32\WINMM.dll
0x00007ff82d490000 - 0x00007ff82d4de000 	C:\WINDOWS\SYSTEM32\POWRPROF.dll
0x00007ff82d470000 - 0x00007ff82d484000 	C:\WINDOWS\SYSTEM32\UMPDC.dll
0x00007ff82d730000 - 0x00007ff82d74a000 	C:\WINDOWS\SYSTEM32\kernel.appcore.dll
0x00007ff81c040000 - 0x00007ff81c04a000 	c:\Users\zakar\.vscode\extensions\redhat.java-1.41.1-win32-x64\jre\21.0.6-win32-x86_64\bin\jimage.dll
0x00007ff82bf00000 - 0x00007ff82c141000 	C:\WINDOWS\SYSTEM32\DBGHELP.DLL
0x00007ff82f460000 - 0x00007ff82f7e2000 	C:\WINDOWS\System32\combase.dll
0x00007ff831520000 - 0x00007ff8315f6000 	C:\WINDOWS\System32\OLEAUT32.dll
0x00007ff80ee70000 - 0x00007ff80eea9000 	C:\WINDOWS\SYSTEM32\dbgcore.DLL
0x00007ff82ed30000 - 0x00007ff82edc9000 	C:\WINDOWS\System32\bcryptPrimitives.dll
0x00007ff81b940000 - 0x00007ff81b94f000 	c:\Users\zakar\.vscode\extensions\redhat.java-1.41.1-win32-x64\jre\21.0.6-win32-x86_64\bin\instrument.dll
0x00007ff8060a0000 - 0x00007ff8060bf000 	c:\Users\zakar\.vscode\extensions\redhat.java-1.41.1-win32-x64\jre\21.0.6-win32-x86_64\bin\java.dll
0x00007ff8300a0000 - 0x00007ff8307b5000 	C:\WINDOWS\System32\SHELL32.dll
0x00007ff82e840000 - 0x00007ff82e9a8000 	C:\WINDOWS\System32\wintypes.dll
0x00007ff82c500000 - 0x00007ff82cd45000 	C:\WINDOWS\SYSTEM32\windows.storage.dll
0x00007ff831140000 - 0x00007ff83122b000 	C:\WINDOWS\System32\SHCORE.dll
0x00007ff831230000 - 0x00007ff83128d000 	C:\WINDOWS\System32\shlwapi.dll
0x00007ff82e750000 - 0x00007ff82e77f000 	C:\WINDOWS\SYSTEM32\profapi.dll
0x00007ff801b80000 - 0x00007ff801b98000 	c:\Users\zakar\.vscode\extensions\redhat.java-1.41.1-win32-x64\jre\21.0.6-win32-x86_64\bin\zip.dll
0x00007ff80d0f0000 - 0x00007ff80d100000 	C:\Users\zakar\.vscode\extensions\redhat.java-1.41.1-win32-x64\jre\21.0.6-win32-x86_64\bin\net.dll
0x00007ff8283f0000 - 0x00007ff82850e000 	C:\WINDOWS\SYSTEM32\WINHTTP.dll
0x00007ff82dc30000 - 0x00007ff82dc9a000 	C:\WINDOWS\system32\mswsock.dll
0x00007ffff4da0000 - 0x00007ffff4db6000 	C:\Users\zakar\.vscode\extensions\redhat.java-1.41.1-win32-x64\jre\21.0.6-win32-x86_64\bin\nio.dll
0x00007ff8095f0000 - 0x00007ff809600000 	c:\Users\zakar\.vscode\extensions\redhat.java-1.41.1-win32-x64\jre\21.0.6-win32-x86_64\bin\verify.dll

dbghelp: loaded successfully - version: 4.0.5 - missing functions: none
symbol engine: initialized successfully - sym options: 0x614 - pdb path: .;c:\Users\zakar\.vscode\extensions\redhat.java-1.41.1-win32-x64\jre\21.0.6-win32-x86_64\bin;C:\WINDOWS\SYSTEM32;C:\WINDOWS\WinSxS\amd64_microsoft.windows.common-controls_6595b64144ccf1df_6.0.26100.3323_none_3e088096e3344490;c:\Users\zakar\.vscode\extensions\redhat.java-1.41.1-win32-x64\jre\21.0.6-win32-x86_64\bin\server

VM Arguments:
jvm_args: --add-modules=ALL-SYSTEM --add-opens=java.base/java.util=ALL-UNNAMED --add-opens=java.base/java.lang=ALL-UNNAMED --add-opens=java.base/sun.nio.fs=ALL-UNNAMED -Declipse.application=org.eclipse.jdt.ls.core.id1 -Dosgi.bundles.defaultStartLevel=4 -Declipse.product=org.eclipse.jdt.ls.core.product -Djava.import.generatesMetadataFilesAtProjectRoot=false -DDetectVMInstallationsJob.disabled=true -Dfile.encoding=utf8 -XX:+UseParallelGC -XX:GCTimeRatio=4 -XX:AdaptiveSizePolicyWeight=90 -Dsun.zip.disableMemoryMapping=true -Xmx1G -Xms100m -Xlog:disable -javaagent:c:\Users\zakar\.vscode\extensions\redhat.java-1.41.1-win32-x64\lombok\lombok-1.18.36.jar 
java_command: c:\Users\zakar\.vscode\extensions\redhat.java-1.41.1-win32-x64\server\plugins\org.eclipse.equinox.launcher_1.7.0.v20250331-1702.jar -configuration c:\Users\zakar\AppData\Roaming\Code\User\globalStorage\redhat.java\1.41.1\config_ss_win -data c:\Users\zakar\AppData\Roaming\Code\User\workspaceStorage\e730cd5bdc132641c5e54f6471b3cef6\redhat.java\ss_ws --pipe=\\.\pipe\lsp-11c3340be29468f27d122f40796fdc3e-sock
java_class_path (initial): c:\Users\zakar\.vscode\extensions\redhat.java-1.41.1-win32-x64\server\plugins\org.eclipse.equinox.launcher_1.7.0.v20250331-1702.jar
Launcher Type: SUN_STANDARD

[Global flags]
    uintx AdaptiveSizePolicyWeight                 = 90                                        {product} {command line}
     intx CICompilerCount                          = 4                                         {product} {ergonomic}
    uintx GCTimeRatio                              = 4                                         {product} {command line}
   size_t InitialHeapSize                          = 104857600                                 {product} {command line}
   size_t MaxHeapSize                              = 1073741824                                {product} {command line}
   size_t MaxNewSize                               = 357564416                                 {product} {ergonomic}
   size_t MinHeapDeltaBytes                        = 524288                                    {product} {ergonomic}
   size_t MinHeapSize                              = 104857600                                 {product} {command line}
   size_t NewSize                                  = 34603008                                  {product} {ergonomic}
    uintx NonNMethodCodeHeapSize                   = 5839372                                {pd product} {ergonomic}
    uintx NonProfiledCodeHeapSize                  = 122909434                              {pd product} {ergonomic}
   size_t OldSize                                  = 70254592                                  {product} {ergonomic}
    uintx ProfiledCodeHeapSize                     = 122909434                              {pd product} {ergonomic}
    uintx ReservedCodeCacheSize                    = 251658240                              {pd product} {ergonomic}
     bool SegmentedCodeCache                       = true                                      {product} {ergonomic}
   size_t SoftMaxHeapSize                          = 1073741824                             {manageable} {ergonomic}
     bool UseCompressedOops                        = true                           {product lp64_product} {ergonomic}
     bool UseLargePagesIndividualAllocation        = false                                  {pd product} {ergonomic}
     bool UseParallelGC                            = true                                      {product} {command line}

Logging:
Log output configuration:
 #0: stdout all=off uptime,level,tags foldmultilines=false
 #1: stderr all=off uptime,level,tags foldmultilines=false

Environment Variables:
JAVA_HOME=C:\Program Files\Java\jdk-17
PATH=C:\Program Files\Microsoft SDKs\Azure\CLI2\wbin;C:\Program Files (x86)\\Oracle\oci_cli\;C:\Program Files\Java\jdk-17\bin;C:\Program Files\Apache maven\apache-maven-4.0.0-alpha-5\bin;C:\Program Files (x86)\VMware\VMware Workstation\bin\;C:\Program Files\Common Files\Oracle\Java\javapath;C:\WINDOWS\system32;C:\WINDOWS;C:\WINDOWS\System32\Wbem;C:\WINDOWS\System32\WindowsPowerShell\v1.0\;C:\WINDOWS\System32\OpenSSH\;C:\Program Files\Git\cmd;C:\Program Files\nodejs\;C:\Program Files\Vagrant\bin;C:\Program Files\Oracle\VirtualBox;C:\Program Files\Docker\Docker\resources\bin;C:\Program Files\GitHub CLI\;C:\Program Files\GitHub CLI;C:\ProgramData\chocolatey\bin;C:\Program Files\PuTTY\;C:\Users\zakar\AppData\Local\Microsoft\WindowsApps;C:\Users\zakar\AppData\Local\Programs\Microsoft VS Code\bin;C:\Users\zakar\AppData\Roaming\npm;C:\Program Files\JetBrains\IntelliJ IDEA 2024.3.2.1\bin;;
USERNAME=zakar
OS=Windows_NT
PROCESSOR_IDENTIFIER=Intel64 Family 6 Model 170 Stepping 4, GenuineIntel
TMP=C:\Users\zakar\AppData\Local\Temp
TEMP=C:\Users\zakar\AppData\Local\Temp




Periodic native trim disabled

---------------  S Y S T E M  ---------------

OS:
 Windows 11 , 64 bit Build 26100 (10.0.26100.3323)
OS uptime: 3 days 17:34 hours
Hyper-V role detected

CPU: total 14 (initial active 14) (7 cores per cpu, 2 threads per core) family 6 model 170 stepping 4 microcode 0x20, cx8, cmov, fxsr, ht, mmx, 3dnowpref, sse, sse2, sse3, ssse3, sse4.1, sse4.2, popcnt, lzcnt, tsc, tscinvbit, avx, avx2, aes, erms, clmul, bmi1, bmi2, adx, sha, fma, vzeroupper, clflush, clflushopt, clwb, hv, serialize, rdtscp, rdpid, fsrm, f16c, cet_ibt, cet_ss
Processor Information for processor 0
  Max Mhz: 1300, Current Mhz: 1300, Mhz Limit: 1300
Processor Information for processor 1
  Max Mhz: 1300, Current Mhz: 1300, Mhz Limit: 1300
Processor Information for processor 2
  Max Mhz: 800, Current Mhz: 800, Mhz Limit: 800
Processor Information for processor 3
  Max Mhz: 800, Current Mhz: 800, Mhz Limit: 800
Processor Information for processor 4
  Max Mhz: 800, Current Mhz: 800, Mhz Limit: 800
Processor Information for processor 5
  Max Mhz: 800, Current Mhz: 800, Mhz Limit: 800
Processor Information for processor 6
  Max Mhz: 800, Current Mhz: 800, Mhz Limit: 800
Processor Information for processor 7
  Max Mhz: 800, Current Mhz: 800, Mhz Limit: 800
Processor Information for processor 8
  Max Mhz: 800, Current Mhz: 800, Mhz Limit: 800
Processor Information for processor 9
  Max Mhz: 800, Current Mhz: 800, Mhz Limit: 800
Processor Information for processor 10
  Max Mhz: 1300, Current Mhz: 1300, Mhz Limit: 1300
Processor Information for processor 11
  Max Mhz: 1300, Current Mhz: 1300, Mhz Limit: 1300
Processor Information for processor 12
  Max Mhz: 700, Current Mhz: 700, Mhz Limit: 700
Processor Information for processor 13
  Max Mhz: 700, Current Mhz: 700, Mhz Limit: 700

Memory: 4k page, system-wide physical 15836M (751M free)
TotalPageFile size 32220M (AvailPageFile size 26M)
current process WorkingSet (physical memory assigned to process): 79M, peak: 79M
current process commit charge ("private bytes"): 211M, peak: 212M

vm_info: OpenJDK 64-Bit Server VM (21.0.6+7-LTS) for windows-amd64 JRE (21.0.6+7-LTS), built on 2025-01-21T00:00:00Z by "admin" with MS VC++ 17.7 (VS2022)

END.
